Start testing: Jul 05 10:01 India Standard Time
----------------------------------------------------------
1/1 Testing: CoreTests
1/1 Test: CoreTests
Command: "C:/PROFESSIONAL/Development/AI-HPC/TernixEngine/build/ternix_tests.exe"
Directory: C:/PROFESSIONAL/Development/AI-HPC/TernixEngine/build
"CoreTests" start time: Jul 05 10:01 India Standard Time
Output:
----------------------------------------------------------
Running main() from C:\PROFESSIONAL\Development\AI-HPC\TernixEngine\build\_deps\googletest-src\googletest\src\gtest_main.cc
[==========] Running 3 tests from 2 test suites.
[----------] Global test environment set-up.
[----------] 1 test from BitpackTest
[ RUN      ] BitpackTest.PackAndUnpack
[       OK ] BitpackTest.PackAndUnpack (0 ms)
[----------] 1 test from BitpackTest (0 ms total)

[----------] 2 tests from SimdMathTest
[ RUN      ] SimdMathTest.RmsNorm
[       OK ] SimdMathTest.RmsNorm (0 ms)
[ RUN      ] SimdMathTest.Swiglu
[       OK ] SimdMathTest.Swiglu (0 ms)
[----------] 2 tests from SimdMathTest (0 ms total)

[----------] Global test environment tear-down
[==========] 3 tests from 2 test suites ran. (0 ms total)
[  PASSED  ] 3 tests.
<end of output>
Test time =   0.45 sec
----------------------------------------------------------
Test Passed.
"CoreTests" end time: Jul 05 10:01 India Standard Time
"CoreTests" time elapsed: 00:00:00
----------------------------------------------------------

End testing: Jul 05 10:01 India Standard Time
